<?xml version="1.0" encoding="UTF-8"?>
<!-- Generated by org.testng.reporters.JUnitReportReporter -->
<testsuite hostname="Dhivya" failures="0" tests="84" name="dsAlgo_TestRunner.TestRunner" time="1366.711" errors="4" timestamp="2025-02-24T15:10:21 EST" skipped="0">
  <testcase classname="dsAlgo_TestRunner.TestRunner" name="runScenario" time="13.512"/>
  <testcase classname="dsAlgo_TestRunner.TestRunner" name="runScenario" time="23.595"/>
  <testcase classname="dsAlgo_TestRunner.TestRunner" name="runScenario" time="19.575"/>
  <testcase classname="dsAlgo_TestRunner.TestRunner" name="runScenario" time="10.972"/>
  <testcase classname="dsAlgo_TestRunner.TestRunner" name="runScenario" time="19.766"/>
  <testcase classname="dsAlgo_TestRunner.TestRunner" name="runScenario" time="19.629"/>
  <testcase classname="dsAlgo_TestRunner.TestRunner" name="runScenario" time="12.596"/>
  <testcase classname="dsAlgo_TestRunner.TestRunner" name="runScenario" time="20.711"/>
  <testcase classname="dsAlgo_TestRunner.TestRunner" name="runScenario" time="20.769"/>
  <testcase classname="dsAlgo_TestRunner.TestRunner" name="runScenario" time="20.075"/>
  <testcase classname="dsAlgo_TestRunner.TestRunner" name="runScenario" time="9.710"/>
  <testcase classname="dsAlgo_TestRunner.TestRunner" name="runScenario" time="16.233"/>
  <testcase classname="dsAlgo_TestRunner.TestRunner" name="runScenario" time="8.501"/>
  <testcase classname="dsAlgo_TestRunner.TestRunner" name="runScenario" time="12.972"/>
  <testcase classname="dsAlgo_TestRunner.TestRunner" name="runScenario" time="15.660"/>
  <testcase classname="dsAlgo_TestRunner.TestRunner" name="runScenario" time="13.619"/>
  <testcase classname="dsAlgo_TestRunner.TestRunner" name="runScenario" time="17.488"/>
  <testcase classname="dsAlgo_TestRunner.TestRunner" name="runScenario" time="20.827"/>
  <testcase classname="dsAlgo_TestRunner.TestRunner" name="runScenario" time="12.141"/>
  <testcase classname="dsAlgo_TestRunner.TestRunner" name="runScenario" time="19.850"/>
  <testcase classname="dsAlgo_TestRunner.TestRunner" name="runScenario" time="19.619"/>
  <testcase classname="dsAlgo_TestRunner.TestRunner" name="runScenario" time="12.231"/>
  <testcase classname="dsAlgo_TestRunner.TestRunner" name="runScenario" time="20.045"/>
  <testcase classname="dsAlgo_TestRunner.TestRunner" name="runScenario" time="20.136"/>
  <testcase classname="dsAlgo_TestRunner.TestRunner" name="runScenario" time="21.697"/>
  <testcase classname="dsAlgo_TestRunner.TestRunner" name="runScenario" time="15.958"/>
  <testcase classname="dsAlgo_TestRunner.TestRunner" name="runScenario" time="15.164"/>
  <testcase classname="dsAlgo_TestRunner.TestRunner" name="runScenario" time="20.272"/>
  <testcase classname="dsAlgo_TestRunner.TestRunner" name="runScenario" time="19.095"/>
  <testcase classname="dsAlgo_TestRunner.TestRunner" name="runScenario" time="13.477"/>
  <testcase classname="dsAlgo_TestRunner.TestRunner" name="runScenario" time="11.716"/>
  <testcase classname="dsAlgo_TestRunner.TestRunner" name="runScenario" time="15.296"/>
  <testcase classname="dsAlgo_TestRunner.TestRunner" name="runScenario" time="13.491"/>
  <testcase classname="dsAlgo_TestRunner.TestRunner" name="runScenario" time="9.130"/>
  <testcase classname="dsAlgo_TestRunner.TestRunner" name="runScenario" time="22.992"/>
  <testcase classname="dsAlgo_TestRunner.TestRunner" name="runScenario" time="14.377"/>
  <testcase classname="dsAlgo_TestRunner.TestRunner" name="runScenario" time="19.461"/>
  <testcase classname="dsAlgo_TestRunner.TestRunner" name="runScenario" time="11.383"/>
  <testcase classname="dsAlgo_TestRunner.TestRunner" name="runScenario" time="19.429">
    <error message="no such element: Unable to locate element: {&quot;method&quot;:&quot;xpath&quot;,&quot;selector&quot;:&quot;//div[contains(text(),&#039;Account Created&#039;)]&quot;}
  (Session info: chrome=133.0.6943.126)
For documentation on this error, please visit: https://www.selenium.dev/documentation/webdriver/troubleshooting/errors#no-such-element-exception
Build info: version: &#039;4.28.0&#039;, revision: &#039;ac342546e9&#039;
System info: os.name: &#039;Windows 11&#039;, os.arch: &#039;amd64&#039;, os.version: &#039;10.0&#039;, java.version: &#039;23.0.1&#039;
Driver info: org.openqa.selenium.chrome.ChromeDriver
Command: [5ab23f627df6cd7a152196d6c4d86b2f, findElement {using=xpath, value=//div[contains(text(),&#039;Account Created&#039;)]}]
Capabilities {acceptInsecureCerts: false, browserName: chrome, browserVersion: 133.0.6943.126, chrome: {chromedriverVersion: 133.0.6943.126 (cffa127ce7b..., userDataDir: C:\Users\rinuh\AppData\Loca...}, fedcm:accounts: true, goog:chromeOptions: {debuggerAddress: localhost:56252}, networkConnectionEnabled: false, pageLoadStrategy: normal, platformName: windows, proxy: Proxy(), se:cdp: ws://localhost:56252/devtoo..., se:cdpVersion: 133.0.6943.126, setWindowRect: true, strictFileInteractability: false, timeouts: {implicit: 0, pageLoad: 300000, script: 30000}, unhandledPromptBehavior: dismiss and notify, webauthn:extension:credBlob: true, webauthn:extension:largeBlob: true, webauthn:extension:minPinLength: true, webauthn:extension:prf: true, webauthn:virtualAuthenticators: true}
Session ID: 5ab23f627df6cd7a152196d6c4d86b2f" type="org.openqa.selenium.NoSuchElementException">
      <![CDATA[org.openqa.selenium.NoSuchElementException: no such element: Unable to locate element: {"method":"xpath","selector":"//div[contains(text(),'Account Created')]"}
  (Session info: chrome=133.0.6943.126)
For documentation on this error, please visit: https://www.selenium.dev/documentation/webdriver/troubleshooting/errors#no-such-element-exception
Build info: version: '4.28.0', revision: 'ac342546e9'
System info: os.name: 'Windows 11', os.arch: 'amd64', os.version: '10.0', java.version: '23.0.1'
Driver info: org.openqa.selenium.chrome.ChromeDriver
Command: [5ab23f627df6cd7a152196d6c4d86b2f, findElement {using=xpath, value=//div[contains(text(),'Account Created')]}]
Capabilities {acceptInsecureCerts: false, browserName: chrome, browserVersion: 133.0.6943.126, chrome: {chromedriverVersion: 133.0.6943.126 (cffa127ce7b..., userDataDir: C:\Users\rinuh\AppData\Loca...}, fedcm:accounts: true, goog:chromeOptions: {debuggerAddress: localhost:56252}, networkConnectionEnabled: false, pageLoadStrategy: normal, platformName: windows, proxy: Proxy(), se:cdp: ws://localhost:56252/devtoo..., se:cdpVersion: 133.0.6943.126, setWindowRect: true, strictFileInteractability: false, timeouts: {implicit: 0, pageLoad: 300000, script: 30000}, unhandledPromptBehavior: dismiss and notify, webauthn:extension:credBlob: true, webauthn:extension:largeBlob: true, webauthn:extension:minPinLength: true, webauthn:extension:prf: true, webauthn:virtualAuthenticators: true}
Session ID: 5ab23f627df6cd7a152196d6c4d86b2f
at java.base/jdk.internal.reflect.DirectConstructorHandleAccessor.newInstance(DirectConstructorHandleAccessor.java:62)
at java.base/java.lang.reflect.Constructor.newInstanceWithCaller(Constructor.java:501)
at java.base/java.lang.reflect.Constructor.newInstance(Constructor.java:485)
at org.openqa.selenium.remote.ErrorCodec.decode(ErrorCodec.java:167)
at org.openqa.selenium.remote.codec.w3c.W3CHttpResponseCodec.decode(W3CHttpResponseCodec.java:138)
at org.openqa.selenium.remote.codec.w3c.W3CHttpResponseCodec.decode(W3CHttpResponseCodec.java:50)
at org.openqa.selenium.remote.HttpCommandExecutor.execute(HttpCommandExecutor.java:215)
at org.openqa.selenium.remote.service.DriverCommandExecutor.invokeExecute(DriverCommandExecutor.java:216)
at org.openqa.selenium.remote.service.DriverCommandExecutor.execute(DriverCommandExecutor.java:174)
at org.openqa.selenium.remote.RemoteWebDriver.execute(RemoteWebDriver.java:545)
at org.openqa.selenium.remote.ElementLocation$ElementFinder$2.findElement(ElementLocation.java:165)
at org.openqa.selenium.remote.ElementLocation.findElement(ElementLocation.java:59)
at org.openqa.selenium.remote.RemoteWebDriver.findElement(RemoteWebDriver.java:368)
at org.openqa.selenium.remote.RemoteWebDriver.findElement(RemoteWebDriver.java:362)
at org.openqa.selenium.support.pagefactory.DefaultElementLocator.findElement(DefaultElementLocator.java:68)
at org.openqa.selenium.support.pagefactory.internal.LocatingElementHandler.invoke(LocatingElementHandler.java:38)
at jdk.proxy2/jdk.proxy2.$Proxy44.getText(Unknown Source)
at dsAlgo_PageFactory.Register_PageFactory.successMessageDisplayed(Register_PageFactory.java:62)
at dsAlgo_StepDefinition.Register.user_should_be_able_to_naviagte_to_home_page_and_get_the_success_message(Register.java:153)
at âœ½.User should be able to naviagte to home page and get the success message(file:///C:/Users/rinuh/git/DsAlgo_CodeCrackers_BDD/src/test/resources/features/Register.feature:76)
]]>
    </error>
  </testcase> <!-- runScenario -->
  <testcase classname="dsAlgo_TestRunner.TestRunner" name="runScenario" time="8.228"/>
  <testcase classname="dsAlgo_TestRunner.TestRunner" name="runScenario" time="16.463"/>
  <testcase classname="dsAlgo_TestRunner.TestRunner" name="runScenario" time="15.100"/>
  <testcase classname="dsAlgo_TestRunner.TestRunner" name="runScenario" time="10.592"/>
  <testcase classname="dsAlgo_TestRunner.TestRunner" name="runScenario" time="21.623"/>
  <testcase classname="dsAlgo_TestRunner.TestRunner" name="runScenario" time="20.437"/>
  <testcase classname="dsAlgo_TestRunner.TestRunner" name="runScenario" time="20.490"/>
  <testcase classname="dsAlgo_TestRunner.TestRunner" name="runScenario" time="14.626"/>
  <testcase classname="dsAlgo_TestRunner.TestRunner" name="runScenario" time="11.361"/>
  <testcase classname="dsAlgo_TestRunner.TestRunner" name="runScenario" time="20.494"/>
  <testcase classname="dsAlgo_TestRunner.TestRunner" name="runScenario" time="20.308"/>
  <testcase classname="dsAlgo_TestRunner.TestRunner" name="runScenario" time="1.149">
    <error message="Browser not specified in the Configuration.properties file." type="java.lang.RuntimeException">
      <![CDATA[java.lang.RuntimeException: Browser not specified in the Configuration.properties file.
at dsAlgo_Reader.ConfigReader.getBrowser(ConfigReader.java:46)
at dsAlgo_Hooks.Hooks.setup(Hooks.java:30)
]]>
    </error>
  </testcase> <!-- runScenario -->
  <testcase classname="dsAlgo_TestRunner.TestRunner" name="runScenario" time="20.375"/>
  <testcase classname="dsAlgo_TestRunner.TestRunner" name="runScenario" time="12.807"/>
  <testcase classname="dsAlgo_TestRunner.TestRunner" name="runScenario" time="17.201"/>
  <testcase classname="dsAlgo_TestRunner.TestRunner" name="runScenario" time="20.151"/>
  <testcase classname="dsAlgo_TestRunner.TestRunner" name="runScenario" time="16.599"/>
  <testcase classname="dsAlgo_TestRunner.TestRunner" name="runScenario" time="19.649"/>
  <testcase classname="dsAlgo_TestRunner.TestRunner" name="runScenario" time="11.394"/>
  <testcase classname="dsAlgo_TestRunner.TestRunner" name="runScenario" time="23.200"/>
  <testcase classname="dsAlgo_TestRunner.TestRunner" name="runScenario" time="20.069"/>
  <testcase classname="dsAlgo_TestRunner.TestRunner" name="runScenario" time="20.170"/>
  <testcase classname="dsAlgo_TestRunner.TestRunner" name="runScenario" time="21.702"/>
  <testcase classname="dsAlgo_TestRunner.TestRunner" name="runScenario" time="16.781"/>
  <testcase classname="dsAlgo_TestRunner.TestRunner" name="runScenario" time="19.982"/>
  <testcase classname="dsAlgo_TestRunner.TestRunner" name="runScenario" time="15.211"/>
  <testcase classname="dsAlgo_TestRunner.TestRunner" name="runScenario" time="8.252"/>
  <testcase classname="dsAlgo_TestRunner.TestRunner" name="runScenario" time="12.393"/>
  <testcase classname="dsAlgo_TestRunner.TestRunner" name="runScenario" time="20.829"/>
  <testcase classname="dsAlgo_TestRunner.TestRunner" name="runScenario" time="1.156">
    <error message="Browser not specified in the Configuration.properties file." type="java.lang.RuntimeException">
      <![CDATA[java.lang.RuntimeException: Browser not specified in the Configuration.properties file.
at dsAlgo_Reader.ConfigReader.getBrowser(ConfigReader.java:46)
at dsAlgo_Hooks.Hooks.setup(Hooks.java:30)
]]>
    </error>
  </testcase> <!-- runScenario -->
  <testcase classname="dsAlgo_TestRunner.TestRunner" name="runScenario" time="13.119"/>
  <testcase classname="dsAlgo_TestRunner.TestRunner" name="runScenario" time="1.146">
    <error message="Browser not specified in the Configuration.properties file." type="java.lang.RuntimeException">
      <![CDATA[java.lang.RuntimeException: Browser not specified in the Configuration.properties file.
at dsAlgo_Reader.ConfigReader.getBrowser(ConfigReader.java:46)
at dsAlgo_Hooks.Hooks.setup(Hooks.java:30)
]]>
    </error>
  </testcase> <!-- runScenario -->
  <testcase classname="dsAlgo_TestRunner.TestRunner" name="runScenario" time="23.040"/>
  <testcase classname="dsAlgo_TestRunner.TestRunner" name="runScenario" time="20.062"/>
  <testcase classname="dsAlgo_TestRunner.TestRunner" name="runScenario" time="15.090"/>
  <testcase classname="dsAlgo_TestRunner.TestRunner" name="runScenario" time="16.583"/>
  <testcase classname="dsAlgo_TestRunner.TestRunner" name="runScenario" time="17.111"/>
  <testcase classname="dsAlgo_TestRunner.TestRunner" name="runScenario" time="20.320"/>
  <testcase classname="dsAlgo_TestRunner.TestRunner" name="runScenario" time="21.695"/>
  <testcase classname="dsAlgo_TestRunner.TestRunner" name="runScenario" time="16.550"/>
  <testcase classname="dsAlgo_TestRunner.TestRunner" name="runScenario" time="20.311"/>
  <testcase classname="dsAlgo_TestRunner.TestRunner" name="runScenario" time="20.235"/>
  <testcase classname="dsAlgo_TestRunner.TestRunner" name="runScenario" time="10.330"/>
  <testcase classname="dsAlgo_TestRunner.TestRunner" name="runScenario" time="14.742"/>
  <testcase classname="dsAlgo_TestRunner.TestRunner" name="runScenario" time="14.415"/>
</testsuite> <!-- dsAlgo_TestRunner.TestRunner -->
